/Users/luka/Library/Python/3.9/lib/python/site-packages/urllib3/__init__.py:35: NotOpenSSLWarning: urllib3 v2 only supports OpenSSL 1.1.1+, currently the 'ssl' module is compiled with 'LibreSSL 2.8.3'. See: https://github.com/urllib3/urllib3/issues/3020
  warnings.warn(
{
  "run_dir": "data/runs/20260225-205659",
  "progress": {
    "run_id": "20260225-205659",
    "state": "completed",
    "updated_at": "2026-02-25T21:02:25.809511+00:00",
    "total_requests": 400,
    "submitted_requests": 400,
    "completed_requests": 400,
    "failed_requests": 0,
    "remaining_requests": 0,
    "percent_complete": 100.0,
    "usage_totals": {
      "input_tokens": 51300.0,
      "output_tokens": 4876.0,
      "cache_creation_input_tokens": 0.0,
      "cache_read_input_tokens": 0.0
    },
    "estimated_cost_usd": 0.22704,
    "open_batches": 0,
    "skipped_existing_requests": 0,
    "campaign_name": "test_campaign"
  }
}
