/Users/luka/Library/Python/3.9/lib/python/site-packages/urllib3/__init__.py:35: NotOpenSSLWarning: urllib3 v2 only supports OpenSSL 1.1.1+, currently the 'ssl' module is compiled with 'LibreSSL 2.8.3'. See: https://github.com/urllib3/urllib3/issues/3020
  warnings.warn(
{
  "run_dir": "data/runs/20260225-203909",
  "progress": {
    "run_id": "20260225-203909",
    "state": "paused",
    "updated_at": "2026-02-25T20:55:19.518807+00:00",
    "total_requests": 1500,
    "submitted_requests": 1200,
    "completed_requests": 600,
    "failed_requests": 0,
    "remaining_requests": 900,
    "percent_complete": 40.0,
    "usage_totals": {
      "input_tokens": 51200.0,
      "output_tokens": 5117.0,
      "cache_creation_input_tokens": 0.0,
      "cache_read_input_tokens": 0.0
    },
    "estimated_cost_usd": 0.230355,
    "open_batches": 3,
    "skipped_existing_requests": 0,
    "campaign_name": ""
  }
}
paign"
  }
}
